  [1m[36m (19.9ms)[0m  [1mCREATE TABLE "schema_migrations" ("version" varchar NOT NULL) [0m
  [1m[35m (0.2ms)[0m  select sqlite_version(*)
  [1m[36m (13.6ms)[0m  [1mCREATE UNIQUE INDEX "unique_schema_migrations" ON "schema_migrations" ("version")[0m
  [1m[35mActiveRecord::SchemaMigration Load (0.2ms)[0m  SELECT "schema_migrations".* FROM "schema_migrations"
Migrating to CreateEvents (20160426184808)
  [1m[36m (0.1ms)[0m  [1mbegin transaction[0m
  [1m[35m (1.0ms)[0m  CREATE TABLE "events" ("id" INTEGER PRIMARY KEY AUTOINCREMENT NOT NULL, "name" varchar, "location" varchar, "start_time" datetime, "end_time" datetime, "created_at" datetime NOT NULL, "updated_at" datetime NOT NULL) 
  [1m[36mSQL (0.8ms)[0m  [1mINSERT INTO "schema_migrations" ("version") VALUES (?)[0m  [["version", "20160426184808"]]
  [1m[35m (16.2ms)[0m  commit transaction
Migrating to CreateUsers (20160426184841)
  [1m[36m (0.2ms)[0m  [1mbegin transaction[0m
  [1m[35m (0.8ms)[0m  CREATE TABLE "users" ("id" INTEGER PRIMARY KEY AUTOINCREMENT NOT NULL, "name" varchar, "email" varchar, "created_at" datetime NOT NULL, "updated_at" datetime NOT NULL) 
  [1m[36mSQL (0.3ms)[0m  [1mINSERT INTO "schema_migrations" ("version") VALUES (?)[0m  [["version", "20160426184841"]]
  [1m[35m (12.9ms)[0m  commit transaction
  [1m[36mActiveRecord::SchemaMigration Load (0.3ms)[0m  [1mSELECT "schema_migrations".* FROM "schema_migrations"[0m
  [1m[36mActiveRecord::SchemaMigration Load (0.5ms)[0m  [1mSELECT "schema_migrations".* FROM "schema_migrations"[0m
Migrating to CreateEventsUsers (20160426185934)
  [1m[35m (0.2ms)[0m  begin transaction
  [1m[36m (2.4ms)[0m  [1mCREATE TABLE "events_users" ("event_id" integer, "user_id" integer) [0m
  [1m[35m (0.1ms)[0m  select sqlite_version(*)
  [1m[36m (0.2ms)[0m  [1mCREATE  INDEX "index_events_users_on_event_id" ON "events_users" ("event_id")[0m
  [1m[35m (0.1ms)[0m              SELECT sql
            FROM sqlite_master
            WHERE name='index_events_users_on_event_id' AND type='index'
            UNION ALL
            SELECT sql
            FROM sqlite_temp_master
            WHERE name='index_events_users_on_event_id' AND type='index'

  [1m[36m (0.2ms)[0m  [1mCREATE  INDEX "index_events_users_on_user_id" ON "events_users" ("user_id")[0m
  [1m[35mSQL (0.6ms)[0m  INSERT INTO "schema_migrations" ("version") VALUES (?)  [["version", "20160426185934"]]
  [1m[36m (27.8ms)[0m  [1mcommit transaction[0m
  [1m[35mActiveRecord::SchemaMigration Load (0.2ms)[0m  SELECT "schema_migrations".* FROM "schema_migrations"
  [1m[36m (0.2ms)[0m  [1m            SELECT sql
            FROM sqlite_master
            WHERE name='index_events_users_on_user_id' AND type='index'
            UNION ALL
            SELECT sql
            FROM sqlite_temp_master
            WHERE name='index_events_users_on_user_id' AND type='index'
[0m
  [1m[35m (0.2ms)[0m              SELECT sql
            FROM sqlite_master
            WHERE name='index_events_users_on_event_id' AND type='index'
            UNION ALL
            SELECT sql
            FROM sqlite_temp_master
            WHERE name='index_events_users_on_event_id' AND type='index'



Started GET "/" for 131.216.166.210 at 2016-05-03 19:19:01 +0000
Cannot render console from 131.216.166.210! Allowed networks: 127.0.0.1, ::1, 127.0.0.0/127.255.255.255
  [1m[36mActiveRecord::SchemaMigration Load (0.5ms)[0m  [1mSELECT "schema_migrations".* FROM "schema_migrations"[0m

ActiveRecord::PendingMigrationError (

Migrations are pending. To resolve this issue, run:

	bin/rake db:migrate RAILS_ENV=development

):
  activerecord (4.2.5) lib/active_record/migration.rb:392:in `check_pending!'
  activerecord (4.2.5) lib/active_record/migration.rb:373:in `call'
  actionpack (4.2.5) lib/action_dispatch/middleware/callbacks.rb:29:in `block in call'
  activesupport (4.2.5) lib/active_support/callbacks.rb:88:in `__run_callbacks__'
  activesupport (4.2.5) lib/active_support/callbacks.rb:778:in `_run_call_callbacks'
  activesupport (4.2.5) lib/active_support/callbacks.rb:81:in `run_callbacks'
  actionpack (4.2.5) lib/action_dispatch/middleware/callbacks.rb:27:in `call'
  actionpack (4.2.5) lib/action_dispatch/middleware/reloader.rb:73:in `call'
  actionpack (4.2.5) lib/action_dispatch/middleware/remote_ip.rb:78:in `call'
  actionpack (4.2.5) lib/action_dispatch/middleware/debug_exceptions.rb:17:in `call'
  web-console (2.3.0) lib/web_console/middleware.rb:20:in `block in call'
  web-console (2.3.0) lib/web_console/middleware.rb:18:in `catch'
  web-console (2.3.0) lib/web_console/middleware.rb:18:in `call'
  actionpack (4.2.5) lib/action_dispatch/middleware/show_exceptions.rb:30:in `call'
  railties (4.2.5) lib/rails/rack/logger.rb:38:in `call_app'
  railties (4.2.5) lib/rails/rack/logger.rb:20:in `block in call'
  activesupport (4.2.5) lib/active_support/tagged_logging.rb:68:in `block in tagged'
  activesupport (4.2.5) lib/active_support/tagged_logging.rb:26:in `tagged'
  activesupport (4.2.5) lib/active_support/tagged_logging.rb:68:in `tagged'
  railties (4.2.5) lib/rails/rack/logger.rb:20:in `call'
  actionpack (4.2.5) lib/action_dispatch/middleware/request_id.rb:21:in `call'
  rack (1.6.4) lib/rack/methodoverride.rb:22:in `call'
  rack (1.6.4) lib/rack/runtime.rb:18:in `call'
  activesupport (4.2.5) lib/active_support/cache/strategy/local_cache_middleware.rb:28:in `call'
  rack (1.6.4) lib/rack/lock.rb:17:in `call'
  actionpack (4.2.5) lib/action_dispatch/middleware/static.rb:116:in `call'
  rack (1.6.4) lib/rack/sendfile.rb:113:in `call'
  railties (4.2.5) lib/rails/engine.rb:518:in `call'
  railties (4.2.5) lib/rails/application.rb:165:in `call'
  rack (1.6.4) lib/rack/lock.rb:17:in `call'
  rack (1.6.4) lib/rack/content_length.rb:15:in `call'
  rack (1.6.4) lib/rack/handler/webrick.rb:88:in `service'
  /usr/local/rvm/rubies/ruby-2.3.0/lib/ruby/2.3.0/webrick/httpserver.rb:140:in `service'
  /usr/local/rvm/rubies/ruby-2.3.0/lib/ruby/2.3.0/webrick/httpserver.rb:96:in `run'
  /usr/local/rvm/rubies/ruby-2.3.0/lib/ruby/2.3.0/webrick/server.rb:296:in `block in start_thread'


  Rendered /usr/local/rvm/gems/ruby-2.3.0/gems/actionpack-4.2.5/lib/action_dispatch/middleware/templates/rescues/_source.erb (2.6ms)
  Rendered /usr/local/rvm/gems/ruby-2.3.0/gems/actionpack-4.2.5/lib/action_dispatch/middleware/templates/rescues/_trace.html.erb (2.6ms)
  Rendered /usr/local/rvm/gems/ruby-2.3.0/gems/actionpack-4.2.5/lib/action_dispatch/middleware/templates/rescues/_request_and_response.html.erb (1.7ms)
  Rendered /usr/local/rvm/gems/ruby-2.3.0/gems/actionpack-4.2.5/lib/action_dispatch/middleware/templates/rescues/diagnostics.html.erb within rescues/layout (184.9ms)


Started GET "/" for 131.216.166.210 at 2016-05-03 19:20:55 +0000
Cannot render console from 131.216.166.210! Allowed networks: 127.0.0.1, ::1, 127.0.0.0/127.255.255.255
  [1m[36mActiveRecord::SchemaMigration Load (0.3ms)[0m  [1mSELECT "schema_migrations".* FROM "schema_migrations"[0m

ActiveRecord::PendingMigrationError (

Migrations are pending. To resolve this issue, run:

	bin/rake db:migrate RAILS_ENV=development

):
  activerecord (4.2.5) lib/active_record/migration.rb:392:in `check_pending!'
  activerecord (4.2.5) lib/active_record/migration.rb:373:in `call'
  actionpack (4.2.5) lib/action_dispatch/middleware/callbacks.rb:29:in `block in call'
  activesupport (4.2.5) lib/active_support/callbacks.rb:88:in `__run_callbacks__'
  activesupport (4.2.5) lib/active_support/callbacks.rb:778:in `_run_call_callbacks'
  activesupport (4.2.5) lib/active_support/callbacks.rb:81:in `run_callbacks'
  actionpack (4.2.5) lib/action_dispatch/middleware/callbacks.rb:27:in `call'
  actionpack (4.2.5) lib/action_dispatch/middleware/reloader.rb:73:in `call'
  actionpack (4.2.5) lib/action_dispatch/middleware/remote_ip.rb:78:in `call'
  actionpack (4.2.5) lib/action_dispatch/middleware/debug_exceptions.rb:17:in `call'
  web-console (2.3.0) lib/web_console/middleware.rb:20:in `block in call'
  web-console (2.3.0) lib/web_console/middleware.rb:18:in `catch'
  web-console (2.3.0) lib/web_console/middleware.rb:18:in `call'
  actionpack (4.2.5) lib/action_dispatch/middleware/show_exceptions.rb:30:in `call'
  railties (4.2.5) lib/rails/rack/logger.rb:38:in `call_app'
  railties (4.2.5) lib/rails/rack/logger.rb:20:in `block in call'
  activesupport (4.2.5) lib/active_support/tagged_logging.rb:68:in `block in tagged'
  activesupport (4.2.5) lib/active_support/tagged_logging.rb:26:in `tagged'
  activesupport (4.2.5) lib/active_support/tagged_logging.rb:68:in `tagged'
  railties (4.2.5) lib/rails/rack/logger.rb:20:in `call'
  actionpack (4.2.5) lib/action_dispatch/middleware/request_id.rb:21:in `call'
  rack (1.6.4) lib/rack/methodoverride.rb:22:in `call'
  rack (1.6.4) lib/rack/runtime.rb:18:in `call'
  activesupport (4.2.5) lib/active_support/cache/strategy/local_cache_middleware.rb:28:in `call'
  rack (1.6.4) lib/rack/lock.rb:17:in `call'
  actionpack (4.2.5) lib/action_dispatch/middleware/static.rb:116:in `call'
  rack (1.6.4) lib/rack/sendfile.rb:113:in `call'
  railties (4.2.5) lib/rails/engine.rb:518:in `call'
  railties (4.2.5) lib/rails/application.rb:165:in `call'
  rack (1.6.4) lib/rack/lock.rb:17:in `call'
  rack (1.6.4) lib/rack/content_length.rb:15:in `call'
  rack (1.6.4) lib/rack/handler/webrick.rb:88:in `service'
  /usr/local/rvm/rubies/ruby-2.3.0/lib/ruby/2.3.0/webrick/httpserver.rb:140:in `service'
  /usr/local/rvm/rubies/ruby-2.3.0/lib/ruby/2.3.0/webrick/httpserver.rb:96:in `run'
  /usr/local/rvm/rubies/ruby-2.3.0/lib/ruby/2.3.0/webrick/server.rb:296:in `block in start_thread'


  Rendered /usr/local/rvm/gems/ruby-2.3.0/gems/actionpack-4.2.5/lib/action_dispatch/middleware/templates/rescues/_source.erb (3.7ms)
  Rendered /usr/local/rvm/gems/ruby-2.3.0/gems/actionpack-4.2.5/lib/action_dispatch/middleware/templates/rescues/_trace.html.erb (1.9ms)
  Rendered /usr/local/rvm/gems/ruby-2.3.0/gems/actionpack-4.2.5/lib/action_dispatch/middleware/templates/rescues/_request_and_response.html.erb (3.3ms)
  Rendered /usr/local/rvm/gems/ruby-2.3.0/gems/actionpack-4.2.5/lib/action_dispatch/middleware/templates/rescues/diagnostics.html.erb within rescues/layout (99.8ms)
  [1m[36mActiveRecord::SchemaMigration Load (0.2ms)[0m  [1mSELECT "schema_migrations".* FROM "schema_migrations"[0m
Migrating to CreateCalendars (20160426190949)
  [1m[35m (0.2ms)[0m  begin transaction
  [1m[36m (0.1ms)[0m  [1mrollback transaction[0m
  [1m[36mActiveRecord::SchemaMigration Load (0.3ms)[0m  [1mSELECT "schema_migrations".* FROM "schema_migrations"[0m
Migrating to CreateCalendars (20160426190949)
  [1m[35m (0.2ms)[0m  begin transaction
  [1m[36m (0.1ms)[0m  [1mrollback transaction[0m
  [1m[36mActiveRecord::SchemaMigration Load (0.3ms)[0m  [1mSELECT "schema_migrations".* FROM "schema_migrations"[0m
Migrating to CreateCalendars (20160426190949)
  [1m[35m (0.2ms)[0m  begin transaction
  [1m[36m (0.1ms)[0m  [1mrollback transaction[0m
  [1m[36mActiveRecord::SchemaMigration Load (0.2ms)[0m  [1mSELECT "schema_migrations".* FROM "schema_migrations"[0m
Migrating to CreateCalendars (20160426190949)
  [1m[35m (0.1ms)[0m  begin transaction
  [1m[36m (0.1ms)[0m  [1mrollback transaction[0m
  [1m[36mActiveRecord::SchemaMigration Load (2.8ms)[0m  [1mSELECT "schema_migrations".* FROM "schema_migrations"[0m
Migrating to CreateCalendars (20160426190949)
  [1m[35m (0.1ms)[0m  begin transaction
  [1m[36m (0.9ms)[0m  [1mCREATE TABLE "calendars" ("id" INTEGER PRIMARY KEY AUTOINCREMENT NOT NULL, "month" varchar, "day" varchar, "year" varchar, "created_at" datetime NOT NULL, "updated_at" datetime NOT NULL) [0m
  [1m[35mSQL (0.3ms)[0m  INSERT INTO "schema_migrations" ("version") VALUES (?)  [["version", "20160426190949"]]
  [1m[36m (29.0ms)[0m  [1mcommit transaction[0m
  [1m[35mActiveRecord::SchemaMigration Load (0.3ms)[0m  SELECT "schema_migrations".* FROM "schema_migrations"
  [1m[36m (0.3ms)[0m  [1m            SELECT sql
            FROM sqlite_master
            WHERE name='index_events_users_on_user_id' AND type='index'
            UNION ALL
            SELECT sql
            FROM sqlite_temp_master
            WHERE name='index_events_users_on_user_id' AND type='index'
[0m
  [1m[35m (0.3ms)[0m              SELECT sql
            FROM sqlite_master
            WHERE name='index_events_users_on_event_id' AND type='index'
            UNION ALL
            SELECT sql
            FROM sqlite_temp_master
            WHERE name='index_events_users_on_event_id' AND type='index'



Started GET "/" for 131.216.166.210 at 2016-05-03 20:09:21 +0000
Cannot render console from 131.216.166.210! Allowed networks: 127.0.0.1, ::1, 127.0.0.0/127.255.255.255
  [1m[36mActiveRecord::SchemaMigration Load (0.4ms)[0m  [1mSELECT "schema_migrations".* FROM "schema_migrations"[0m

ActionController::RoutingError (uninitialized constant CalendarsController):
  activesupport (4.2.5) lib/active_support/inflector/methods.rb:261:in `const_get'
  activesupport (4.2.5) lib/active_support/inflector/methods.rb:261:in `block in constantize'
  activesupport (4.2.5) lib/active_support/inflector/methods.rb:259:in `each'
  activesupport (4.2.5) lib/active_support/inflector/methods.rb:259:in `inject'
  activesupport (4.2.5) lib/active_support/inflector/methods.rb:259:in `constantize'
  actionpack (4.2.5) lib/action_dispatch/routing/route_set.rb:72:in `controller_reference'
  actionpack (4.2.5) lib/action_dispatch/routing/route_set.rb:62:in `controller'
  actionpack (4.2.5) lib/action_dispatch/routing/route_set.rb:41:in `serve'
  actionpack (4.2.5) lib/action_dispatch/journey/router.rb:43:in `block in serve'
  actionpack (4.2.5) lib/action_dispatch/journey/router.rb:30:in `each'
  actionpack (4.2.5) lib/action_dispatch/journey/router.rb:30:in `serve'
  actionpack (4.2.5) lib/action_dispatch/routing/route_set.rb:817:in `call'
  rack (1.6.4) lib/rack/etag.rb:24:in `call'
  rack (1.6.4) lib/rack/conditionalget.rb:25:in `call'
  rack (1.6.4) lib/rack/head.rb:13:in `call'
  actionpack (4.2.5) lib/action_dispatch/middleware/params_parser.rb:27:in `call'
  actionpack (4.2.5) lib/action_dispatch/middleware/flash.rb:260:in `call'
  rack (1.6.4) lib/rack/session/abstract/id.rb:225:in `context'
  rack (1.6.4) lib/rack/session/abstract/id.rb:220:in `call'
  actionpack (4.2.5) lib/action_dispatch/middleware/cookies.rb:560:in `call'
  activerecord (4.2.5) lib/active_record/query_cache.rb:36:in `call'
  activerecord (4.2.5) lib/active_record/connection_adapters/abstract/connection_pool.rb:653:in `call'
  activerecord (4.2.5) lib/active_record/migration.rb:377:in `call'
  actionpack (4.2.5) lib/action_dispatch/middleware/callbacks.rb:29:in `block in call'
  activesupport (4.2.5) lib/active_support/callbacks.rb:88:in `__run_callbacks__'
  activesupport (4.2.5) lib/active_support/callbacks.rb:778:in `_run_call_callbacks'
  activesupport (4.2.5) lib/active_support/callbacks.rb:81:in `run_callbacks'
  actionpack (4.2.5) lib/action_dispatch/middleware/callbacks.rb:27:in `call'
  actionpack (4.2.5) lib/action_dispatch/middleware/reloader.rb:73:in `call'
  actionpack (4.2.5) lib/action_dispatch/middleware/remote_ip.rb:78:in `call'
  actionpack (4.2.5) lib/action_dispatch/middleware/debug_exceptions.rb:17:in `call'
  web-console (2.3.0) lib/web_console/middleware.rb:20:in `block in call'
  web-console (2.3.0) lib/web_console/middleware.rb:18:in `catch'
  web-console (2.3.0) lib/web_console/middleware.rb:18:in `call'
  actionpack (4.2.5) lib/action_dispatch/middleware/show_exceptions.rb:30:in `call'
  railties (4.2.5) lib/rails/rack/logger.rb:38:in `call_app'
  railties (4.2.5) lib/rails/rack/logger.rb:20:in `block in call'
  activesupport (4.2.5) lib/active_support/tagged_logging.rb:68:in `block in tagged'
  activesupport (4.2.5) lib/active_support/tagged_logging.rb:26:in `tagged'
  activesupport (4.2.5) lib/active_support/tagged_logging.rb:68:in `tagged'
  railties (4.2.5) lib/rails/rack/logger.rb:20:in `call'
  actionpack (4.2.5) lib/action_dispatch/middleware/request_id.rb:21:in `call'
  rack (1.6.4) lib/rack/methodoverride.rb:22:in `call'
  rack (1.6.4) lib/rack/runtime.rb:18:in `call'
  activesupport (4.2.5) lib/active_support/cache/strategy/local_cache_middleware.rb:28:in `call'
  rack (1.6.4) lib/rack/lock.rb:17:in `call'
  actionpack (4.2.5) lib/action_dispatch/middleware/static.rb:116:in `call'
  rack (1.6.4) lib/rack/sendfile.rb:113:in `call'
  railties (4.2.5) lib/rails/engine.rb:518:in `call'
  railties (4.2.5) lib/rails/application.rb:165:in `call'
  rack (1.6.4) lib/rack/lock.rb:17:in `call'
  rack (1.6.4) lib/rack/content_length.rb:15:in `call'
  rack (1.6.4) lib/rack/handler/webrick.rb:88:in `service'
  /usr/local/rvm/rubies/ruby-2.3.0/lib/ruby/2.3.0/webrick/httpserver.rb:140:in `service'
  /usr/local/rvm/rubies/ruby-2.3.0/lib/ruby/2.3.0/webrick/httpserver.rb:96:in `run'
  /usr/local/rvm/rubies/ruby-2.3.0/lib/ruby/2.3.0/webrick/server.rb:296:in `block in start_thread'


  Rendered /usr/local/rvm/gems/ruby-2.3.0/gems/actionpack-4.2.5/lib/action_dispatch/middleware/templates/rescues/_trace.html.erb (3.7ms)
  Rendered /usr/local/rvm/gems/ruby-2.3.0/gems/actionpack-4.2.5/lib/action_dispatch/middleware/templates/routes/_route.html.erb (3.0ms)
  Rendered /usr/local/rvm/gems/ruby-2.3.0/gems/actionpack-4.2.5/lib/action_dispatch/middleware/templates/routes/_table.html.erb (69.2ms)
  Rendered /usr/local/rvm/gems/ruby-2.3.0/gems/actionpack-4.2.5/lib/action_dispatch/middleware/templates/rescues/_request_and_response.html.erb (43.6ms)
  Rendered /usr/local/rvm/gems/ruby-2.3.0/gems/actionpack-4.2.5/lib/action_dispatch/middleware/templates/rescues/routing_error.html.erb within rescues/layout (408.9ms)


Started GET "/" for 131.216.166.210 at 2016-05-03 20:12:29 +0000
Cannot render console from 131.216.166.210! Allowed networks: 127.0.0.1, ::1, 127.0.0.0/127.255.255.255
  [1m[36mActiveRecord::SchemaMigration Load (0.3ms)[0m  [1mSELECT "schema_migrations".* FROM "schema_migrations"[0m
Processing by CalendarController#show as HTML
Completed 500 Internal Server Error in 52ms (ActiveRecord: 0.7ms)

NameError (uninitialized class variable @@days_of_week in #<Class:0x0000000484fd88>):
  app/models/calendar.rb:3:in `<class:Calendar>'
  app/models/calendar.rb:1:in `<top (required)>'
  app/controllers/calendar_controller.rb:5:in `show'


  Rendered /usr/local/rvm/gems/ruby-2.3.0/gems/actionpack-4.2.5/lib/action_dispatch/middleware/templates/rescues/_source.erb (8.6ms)
  Rendered /usr/local/rvm/gems/ruby-2.3.0/gems/actionpack-4.2.5/lib/action_dispatch/middleware/templates/rescues/_trace.html.erb (3.2ms)
  Rendered /usr/local/rvm/gems/ruby-2.3.0/gems/actionpack-4.2.5/lib/action_dispatch/middleware/templates/rescues/_request_and_response.html.erb (1.7ms)
  Rendered /usr/local/rvm/gems/ruby-2.3.0/gems/actionpack-4.2.5/lib/action_dispatch/middleware/templates/rescues/diagnostics.html.erb within rescues/layout (136.7ms)


Started GET "/" for 131.216.166.210 at 2016-05-03 20:13:36 +0000
Cannot render console from 131.216.166.210! Allowed networks: 127.0.0.1, ::1, 127.0.0.0/127.255.255.255
Processing by CalendarController#show as HTML
Completed 500 Internal Server Error in 39ms (ActiveRecord: 2.6ms)

NameError (uninitialized class variable @@day_of_week in #<Class:0x00000004982958>):
  app/models/calendar.rb:3:in `<class:Calendar>'
  app/models/calendar.rb:1:in `<top (required)>'
  app/controllers/calendar_controller.rb:5:in `show'


  Rendered /usr/local/rvm/gems/ruby-2.3.0/gems/actionpack-4.2.5/lib/action_dispatch/middleware/templates/rescues/_source.erb (15.0ms)
  Rendered /usr/local/rvm/gems/ruby-2.3.0/gems/actionpack-4.2.5/lib/action_dispatch/middleware/templates/rescues/_trace.html.erb (29.9ms)
  Rendered /usr/local/rvm/gems/ruby-2.3.0/gems/actionpack-4.2.5/lib/action_dispatch/middleware/templates/rescues/_request_and_response.html.erb (1.7ms)
  Rendered /usr/local/rvm/gems/ruby-2.3.0/gems/actionpack-4.2.5/lib/action_dispatch/middleware/templates/rescues/diagnostics.html.erb within rescues/layout (226.2ms)


Started GET "/" for 131.216.166.210 at 2016-05-03 20:16:14 +0000
Cannot render console from 131.216.166.210! Allowed networks: 127.0.0.1, ::1, 127.0.0.0/127.255.255.255
Processing by CalendarController#show as HTML
Completed 500 Internal Server Error in 34ms (ActiveRecord: 0.9ms)

NameError (uninitialized class variable @@days_of_week in #<Class:0x00000004b29a68>):
  app/models/calendar.rb:3:in `<class:Calendar>'
  app/models/calendar.rb:1:in `<top (required)>'
  app/controllers/calendar_controller.rb:5:in `show'


  Rendered /usr/local/rvm/gems/ruby-2.3.0/gems/actionpack-4.2.5/lib/action_dispatch/middleware/templates/rescues/_source.erb (11.6ms)
  Rendered /usr/local/rvm/gems/ruby-2.3.0/gems/actionpack-4.2.5/lib/action_dispatch/middleware/templates/rescues/_trace.html.erb (4.0ms)
  Rendered /usr/local/rvm/gems/ruby-2.3.0/gems/actionpack-4.2.5/lib/action_dispatch/middleware/templates/rescues/_request_and_response.html.erb (3.5ms)
  Rendered /usr/local/rvm/gems/ruby-2.3.0/gems/actionpack-4.2.5/lib/action_dispatch/middleware/templates/rescues/diagnostics.html.erb within rescues/layout (181.9ms)


Started GET "/" for 131.216.166.210 at 2016-05-03 20:19:20 +0000
Cannot render console from 131.216.166.210! Allowed networks: 127.0.0.1, ::1, 127.0.0.0/127.255.255.255
Processing by CalendarController#show as HTML
Completed 500 Internal Server Error in 18ms (ActiveRecord: 0.0ms)

NameError (uninitialized constant Calendar::Sun):
  app/models/calendar.rb:3:in `<class:Calendar>'
  app/models/calendar.rb:1:in `<top (required)>'
  app/controllers/calendar_controller.rb:5:in `show'


  Rendered /usr/local/rvm/gems/ruby-2.3.0/gems/actionpack-4.2.5/lib/action_dispatch/middleware/templates/rescues/_source.erb (10.7ms)
  Rendered /usr/local/rvm/gems/ruby-2.3.0/gems/actionpack-4.2.5/lib/action_dispatch/middleware/templates/rescues/_trace.html.erb (4.1ms)
  Rendered /usr/local/rvm/gems/ruby-2.3.0/gems/actionpack-4.2.5/lib/action_dispatch/middleware/templates/rescues/_request_and_response.html.erb (1.9ms)
  Rendered /usr/local/rvm/gems/ruby-2.3.0/gems/actionpack-4.2.5/lib/action_dispatch/middleware/templates/rescues/diagnostics.html.erb within rescues/layout (151.4ms)


Started GET "/" for 131.216.166.210 at 2016-05-03 20:19:55 +0000
Cannot render console from 131.216.166.210! Allowed networks: 127.0.0.1, ::1, 127.0.0.0/127.255.255.255
Processing by CalendarController#show as HTML
Completed 500 Internal Server Error in 28ms (ActiveRecord: 0.0ms)

NameError (uninitialized constant Calendar::Mon):
  app/models/calendar.rb:3:in `<class:Calendar>'
  app/models/calendar.rb:1:in `<top (required)>'
  app/controllers/calendar_controller.rb:5:in `show'


  Rendered /usr/local/rvm/gems/ruby-2.3.0/gems/actionpack-4.2.5/lib/action_dispatch/middleware/templates/rescues/_source.erb (11.8ms)
  Rendered /usr/local/rvm/gems/ruby-2.3.0/gems/actionpack-4.2.5/lib/action_dispatch/middleware/templates/rescues/_trace.html.erb (4.0ms)
  Rendered /usr/local/rvm/gems/ruby-2.3.0/gems/actionpack-4.2.5/lib/action_dispatch/middleware/templates/rescues/_request_and_response.html.erb (1.9ms)
  Rendered /usr/local/rvm/gems/ruby-2.3.0/gems/actionpack-4.2.5/lib/action_dispatch/middleware/templates/rescues/diagnostics.html.erb within rescues/layout (155.6ms)


Started GET "/" for 131.216.166.210 at 2016-05-03 20:20:24 +0000
Cannot render console from 131.216.166.210! Allowed networks: 127.0.0.1, ::1, 127.0.0.0/127.255.255.255
Processing by CalendarController#show as HTML
Completed 500 Internal Server Error in 26ms (ActiveRecord: 1.2ms)

NameError (undefined local variable or method `date' for #<Class:0x000000030621a8>
Did you mean?  update):
  app/models/calendar.rb:23:in `<class:Calendar>'
  app/models/calendar.rb:1:in `<top (required)>'
  app/controllers/calendar_controller.rb:5:in `show'


  Rendered /usr/local/rvm/gems/ruby-2.3.0/gems/actionpack-4.2.5/lib/action_dispatch/middleware/templates/rescues/_source.erb (6.0ms)
  Rendered /usr/local/rvm/gems/ruby-2.3.0/gems/actionpack-4.2.5/lib/action_dispatch/middleware/templates/rescues/_trace.html.erb (3.8ms)
  Rendered /usr/local/rvm/gems/ruby-2.3.0/gems/actionpack-4.2.5/lib/action_dispatch/middleware/templates/rescues/_request_and_response.html.erb (1.7ms)
  Rendered /usr/local/rvm/gems/ruby-2.3.0/gems/actionpack-4.2.5/lib/action_dispatch/middleware/templates/rescues/diagnostics.html.erb within rescues/layout (135.9ms)


Started GET "/" for 131.216.166.210 at 2016-05-03 20:25:05 +0000
Cannot render console from 131.216.166.210! Allowed networks: 127.0.0.1, ::1, 127.0.0.0/127.255.255.255
Processing by CalendarController#show as HTML
Completed 500 Internal Server Error in 20ms (ActiveRecord: 1.0ms)

NameError (undefined local variable or method `date' for #<Class:0x000000031947b0>
Did you mean?  update):
  app/models/calendar.rb:23:in `<class:Calendar>'
  app/models/calendar.rb:1:in `<top (required)>'
  app/controllers/calendar_controller.rb:5:in `show'


  Rendered /usr/local/rvm/gems/ruby-2.3.0/gems/actionpack-4.2.5/lib/action_dispatch/middleware/templates/rescues/_source.erb (19.6ms)
  Rendered /usr/local/rvm/gems/ruby-2.3.0/gems/actionpack-4.2.5/lib/action_dispatch/middleware/templates/rescues/_trace.html.erb (5.1ms)
  Rendered /usr/local/rvm/gems/ruby-2.3.0/gems/actionpack-4.2.5/lib/action_dispatch/middleware/templates/rescues/_request_and_response.html.erb (2.5ms)
  Rendered /usr/local/rvm/gems/ruby-2.3.0/gems/actionpack-4.2.5/lib/action_dispatch/middleware/templates/rescues/diagnostics.html.erb within rescues/layout (139.0ms)


Started GET "/" for 131.216.166.210 at 2016-05-03 20:25:29 +0000
Cannot render console from 131.216.166.210! Allowed networks: 127.0.0.1, ::1, 127.0.0.0/127.255.255.255
Processing by CalendarController#show as HTML
Completed 500 Internal Server Error in 18ms (ActiveRecord: 1.0ms)

NameError (undefined local variable or method `stop' for #<Class:0x00000004e5dea0>
Did you mean?  store):
  app/models/calendar.rb:23:in `<class:Calendar>'
  app/models/calendar.rb:1:in `<top (required)>'
  app/controllers/calendar_controller.rb:5:in `show'


  Rendered /usr/local/rvm/gems/ruby-2.3.0/gems/actionpack-4.2.5/lib/action_dispatch/middleware/templates/rescues/_source.erb (5.0ms)
  Rendered /usr/local/rvm/gems/ruby-2.3.0/gems/actionpack-4.2.5/lib/action_dispatch/middleware/templates/rescues/_trace.html.erb (3.6ms)
  Rendered /usr/local/rvm/gems/ruby-2.3.0/gems/actionpack-4.2.5/lib/action_dispatch/middleware/templates/rescues/_request_and_response.html.erb (1.4ms)
  Rendered /usr/local/rvm/gems/ruby-2.3.0/gems/actionpack-4.2.5/lib/action_dispatch/middleware/templates/rescues/diagnostics.html.erb within rescues/layout (88.6ms)


Started GET "/" for 131.216.166.210 at 2016-05-03 20:26:09 +0000
Cannot render console from 131.216.166.210! Allowed networks: 127.0.0.1, ::1, 127.0.0.0/127.255.255.255
Processing by CalendarController#show as HTML
Completed 500 Internal Server Error in 22ms (ActiveRecord: 3.4ms)

NameError (undefined local variable or method `stop' for #<Class:0x00000004485f18>
Did you mean?  store):
  app/models/calendar.rb:23:in `<class:Calendar>'
  app/models/calendar.rb:1:in `<top (required)>'
  app/controllers/calendar_controller.rb:5:in `show'


  Rendered /usr/local/rvm/gems/ruby-2.3.0/gems/actionpack-4.2.5/lib/action_dispatch/middleware/templates/rescues/_source.erb (9.0ms)
  Rendered /usr/local/rvm/gems/ruby-2.3.0/gems/actionpack-4.2.5/lib/action_dispatch/middleware/templates/rescues/_trace.html.erb (3.4ms)
  Rendered /usr/local/rvm/gems/ruby-2.3.0/gems/actionpack-4.2.5/lib/action_dispatch/middleware/templates/rescues/_request_and_response.html.erb (1.7ms)
  Rendered /usr/local/rvm/gems/ruby-2.3.0/gems/actionpack-4.2.5/lib/action_dispatch/middleware/templates/rescues/diagnostics.html.erb within rescues/layout (116.9ms)


Started GET "/" for 131.216.166.210 at 2016-05-03 20:26:16 +0000
Cannot render console from 131.216.166.210! Allowed networks: 127.0.0.1, ::1, 127.0.0.0/127.255.255.255
Processing by CalendarController#show as HTML
Completed 500 Internal Server Error in 108ms (ActiveRecord: 1.0ms)

NameError (undefined local variable or method `date' for #<Class:0x00000004515140>
Did you mean?  update):
  app/models/calendar.rb:23:in `<class:Calendar>'
  app/models/calendar.rb:1:in `<top (required)>'
  app/controllers/calendar_controller.rb:5:in `show'


  Rendered /usr/local/rvm/gems/ruby-2.3.0/gems/actionpack-4.2.5/lib/action_dispatch/middleware/templates/rescues/_source.erb (15.3ms)
  Rendered /usr/local/rvm/gems/ruby-2.3.0/gems/actionpack-4.2.5/lib/action_dispatch/middleware/templates/rescues/_trace.html.erb (9.4ms)
  Rendered /usr/local/rvm/gems/ruby-2.3.0/gems/actionpack-4.2.5/lib/action_dispatch/middleware/templates/rescues/_request_and_response.html.erb (1.3ms)
  Rendered /usr/local/rvm/gems/ruby-2.3.0/gems/actionpack-4.2.5/lib/action_dispatch/middleware/templates/rescues/diagnostics.html.erb within rescues/layout (145.9ms)


Started GET "/" for 131.216.166.210 at 2016-05-03 20:27:42 +0000
Cannot render console from 131.216.166.210! Allowed networks: 127.0.0.1, ::1, 127.0.0.0/127.255.255.255
Processing by CalendarController#show as HTML
Completed 500 Internal Server Error in 19ms (ActiveRecord: 1.4ms)

NameError (undefined local variable or method `date' for #<Class:0x000000047ce8c8>
Did you mean?  update):
  app/models/calendar.rb:23:in `<class:Calendar>'
  app/models/calendar.rb:1:in `<top (required)>'
  app/controllers/calendar_controller.rb:5:in `show'


  Rendered /usr/local/rvm/gems/ruby-2.3.0/gems/actionpack-4.2.5/lib/action_dispatch/middleware/templates/rescues/_source.erb (8.5ms)
  Rendered /usr/local/rvm/gems/ruby-2.3.0/gems/actionpack-4.2.5/lib/action_dispatch/middleware/templates/rescues/_trace.html.erb (3.9ms)
  Rendered /usr/local/rvm/gems/ruby-2.3.0/gems/actionpack-4.2.5/lib/action_dispatch/middleware/templates/rescues/_request_and_response.html.erb (1.8ms)
  Rendered /usr/local/rvm/gems/ruby-2.3.0/gems/actionpack-4.2.5/lib/action_dispatch/middleware/templates/rescues/diagnostics.html.erb within rescues/layout (164.2ms)


Started GET "/" for 131.216.166.210 at 2016-05-03 20:33:37 +0000
Cannot render console from 131.216.166.210! Allowed networks: 127.0.0.1, ::1, 127.0.0.0/127.255.255.255
Processing by CalendarController#show as HTML
Completed 500 Internal Server Error in 18ms (ActiveRecord: 1.0ms)

NameError (undefined local variable or method `date' for #<Class:0x000000048578d0>
Did you mean?  update):
  app/models/calendar.rb:23:in `<class:Calendar>'
  app/models/calendar.rb:1:in `<top (required)>'
  app/controllers/calendar_controller.rb:5:in `show'


  Rendered /usr/local/rvm/gems/ruby-2.3.0/gems/actionpack-4.2.5/lib/action_dispatch/middleware/templates/rescues/_source.erb (15.4ms)
  Rendered /usr/local/rvm/gems/ruby-2.3.0/gems/actionpack-4.2.5/lib/action_dispatch/middleware/templates/rescues/_trace.html.erb (6.9ms)
  Rendered /usr/local/rvm/gems/ruby-2.3.0/gems/actionpack-4.2.5/lib/action_dispatch/middleware/templates/rescues/_request_and_response.html.erb (1.6ms)
  Rendered /usr/local/rvm/gems/ruby-2.3.0/gems/actionpack-4.2.5/lib/action_dispatch/middleware/templates/rescues/diagnostics.html.erb within rescues/layout (159.8ms)


Started GET "/" for 131.216.166.210 at 2016-05-03 20:55:03 +0000
Cannot render console from 131.216.166.210! Allowed networks: 127.0.0.1, ::1, 127.0.0.0/127.255.255.255
Processing by CalendarController#show as HTML
Completed 500 Internal Server Error in 5ms (ActiveRecord: 0.0ms)

SyntaxError (/home/ubuntu/workspace/cs270hw10/app/models/calendar.rb:40: syntax error, unexpected end-of-input, expecting keyword_end):
  app/models/calendar.rb:40: syntax error, unexpected end-of-input, expecting keyword_end
  app/controllers/calendar_controller.rb:5:in `show'


  Rendered /usr/local/rvm/gems/ruby-2.3.0/gems/actionpack-4.2.5/lib/action_dispatch/middleware/templates/rescues/_source.erb (12.2ms)
  Rendered /usr/local/rvm/gems/ruby-2.3.0/gems/actionpack-4.2.5/lib/action_dispatch/middleware/templates/rescues/_trace.html.erb (3.3ms)
  Rendered /usr/local/rvm/gems/ruby-2.3.0/gems/actionpack-4.2.5/lib/action_dispatch/middleware/templates/rescues/_request_and_response.html.erb (5.4ms)
  Rendered /usr/local/rvm/gems/ruby-2.3.0/gems/actionpack-4.2.5/lib/action_dispatch/middleware/templates/rescues/diagnostics.html.erb within rescues/layout (167.9ms)


Started GET "/" for 131.216.166.210 at 2016-05-03 20:55:48 +0000
Cannot render console from 131.216.166.210! Allowed networks: 127.0.0.1, ::1, 127.0.0.0/127.255.255.255
Processing by CalendarController#show as HTML
Completed 500 Internal Server Error in 21ms (ActiveRecord: 1.2ms)

NameError (undefined local variable or method `date' for #<Class:0x0000000493cd40>
Did you mean?  update):
  app/models/calendar.rb:29:in `<class:Calendar>'
  app/models/calendar.rb:1:in `<top (required)>'
  app/controllers/calendar_controller.rb:5:in `show'


  Rendered /usr/local/rvm/gems/ruby-2.3.0/gems/actionpack-4.2.5/lib/action_dispatch/middleware/templates/rescues/_source.erb (9.8ms)
  Rendered /usr/local/rvm/gems/ruby-2.3.0/gems/actionpack-4.2.5/lib/action_dispatch/middleware/templates/rescues/_trace.html.erb (4.6ms)
  Rendered /usr/local/rvm/gems/ruby-2.3.0/gems/actionpack-4.2.5/lib/action_dispatch/middleware/templates/rescues/_request_and_response.html.erb (1.8ms)
  Rendered /usr/local/rvm/gems/ruby-2.3.0/gems/actionpack-4.2.5/lib/action_dispatch/middleware/templates/rescues/diagnostics.html.erb within rescues/layout (140.5ms)


Started GET "/" for 131.216.18.30 at 2016-05-03 22:57:43 +0000
Cannot render console from 131.216.18.30! Allowed networks: 127.0.0.1, ::1, 127.0.0.0/127.255.255.255
  [1m[36mActiveRecord::SchemaMigration Load (0.3ms)[0m  [1mSELECT "schema_migrations".* FROM "schema_migrations"[0m
Processing by CalendarController#show as HTML
Completed 500 Internal Server Error in 40ms (ActiveRecord: 0.6ms)

NameError (undefined local variable or method `date' for #<Class:0x0000000516b430>
Did you mean?  update):
  app/models/calendar.rb:29:in `<class:Calendar>'
  app/models/calendar.rb:1:in `<top (required)>'
  app/controllers/calendar_controller.rb:5:in `show'


  Rendered /usr/local/rvm/gems/ruby-2.3.0/gems/actionpack-4.2.5/lib/action_dispatch/middleware/templates/rescues/_source.erb (5.6ms)
  Rendered /usr/local/rvm/gems/ruby-2.3.0/gems/actionpack-4.2.5/lib/action_dispatch/middleware/templates/rescues/_trace.html.erb (4.1ms)
  Rendered /usr/local/rvm/gems/ruby-2.3.0/gems/actionpack-4.2.5/lib/action_dispatch/middleware/templates/rescues/_request_and_response.html.erb (1.7ms)
  Rendered /usr/local/rvm/gems/ruby-2.3.0/gems/actionpack-4.2.5/lib/action_dispatch/middleware/templates/rescues/diagnostics.html.erb within rescues/layout (114.0ms)


Started GET "/" for 131.216.18.30 at 2016-05-03 23:14:11 +0000
Cannot render console from 131.216.18.30! Allowed networks: 127.0.0.1, ::1, 127.0.0.0/127.255.255.255
Processing by CalendarController#show as HTML
Completed 500 Internal Server Error in 103ms (ActiveRecord: 0.0ms)

NameError (undefined local variable or method `date' for #<CalendarController:0x0000000525bb10>):
  app/controllers/calendar_controller.rb:5:in `show'


  Rendered /usr/local/rvm/gems/ruby-2.3.0/gems/actionpack-4.2.5/lib/action_dispatch/middleware/templates/rescues/_source.erb (15.3ms)
  Rendered /usr/local/rvm/gems/ruby-2.3.0/gems/actionpack-4.2.5/lib/action_dispatch/middleware/templates/rescues/_trace.html.erb (2.9ms)
  Rendered /usr/local/rvm/gems/ruby-2.3.0/gems/actionpack-4.2.5/lib/action_dispatch/middleware/templates/rescues/_request_and_response.html.erb (1.5ms)
  Rendered /usr/local/rvm/gems/ruby-2.3.0/gems/actionpack-4.2.5/lib/action_dispatch/middleware/templates/rescues/diagnostics.html.erb within rescues/layout (157.6ms)


Started GET "/" for 131.216.18.30 at 2016-05-03 23:15:39 +0000
Cannot render console from 131.216.18.30! Allowed networks: 127.0.0.1, ::1, 127.0.0.0/127.255.255.255
Processing by CalendarController#show as HTML
Completed 500 Internal Server Error in 16ms (ActiveRecord: 1.3ms)

TypeError (no implicit conversion of String into Integer):
  app/models/calendar.rb:18:in `new'
  app/models/calendar.rb:18:in `setup'
  app/controllers/calendar_controller.rb:5:in `show'


  Rendered /usr/local/rvm/gems/ruby-2.3.0/gems/actionpack-4.2.5/lib/action_dispatch/middleware/templates/rescues/_source.erb (6.9ms)
  Rendered /usr/local/rvm/gems/ruby-2.3.0/gems/actionpack-4.2.5/lib/action_dispatch/middleware/templates/rescues/_trace.html.erb (12.2ms)
  Rendered /usr/local/rvm/gems/ruby-2.3.0/gems/actionpack-4.2.5/lib/action_dispatch/middleware/templates/rescues/_request_and_response.html.erb (1.5ms)
  Rendered /usr/local/rvm/gems/ruby-2.3.0/gems/actionpack-4.2.5/lib/action_dispatch/middleware/templates/rescues/diagnostics.html.erb within rescues/layout (117.9ms)


Started GET "/" for 131.216.18.30 at 2016-05-03 23:18:27 +0000
Cannot render console from 131.216.18.30! Allowed networks: 127.0.0.1, ::1, 127.0.0.0/127.255.255.255
Processing by CalendarController#show as HTML
Completed 500 Internal Server Error in 24ms (ActiveRecord: 1.3ms)

TypeError (no implicit conversion of String into Integer):
  app/models/calendar.rb:19:in `new'
  app/models/calendar.rb:19:in `setup'
  app/controllers/calendar_controller.rb:5:in `show'


  Rendered /usr/local/rvm/gems/ruby-2.3.0/gems/actionpack-4.2.5/lib/action_dispatch/middleware/templates/rescues/_source.erb (27.1ms)
  Rendered /usr/local/rvm/gems/ruby-2.3.0/gems/actionpack-4.2.5/lib/action_dispatch/middleware/templates/rescues/_trace.html.erb (3.1ms)
  Rendered /usr/local/rvm/gems/ruby-2.3.0/gems/actionpack-4.2.5/lib/action_dispatch/middleware/templates/rescues/_request_and_response.html.erb (1.4ms)
  Rendered /usr/local/rvm/gems/ruby-2.3.0/gems/actionpack-4.2.5/lib/action_dispatch/middleware/templates/rescues/diagnostics.html.erb within rescues/layout (122.9ms)


Started GET "/" for 131.216.18.30 at 2016-05-03 23:30:32 +0000
Cannot render console from 131.216.18.30! Allowed networks: 127.0.0.1, ::1, 127.0.0.0/127.255.255.255
Processing by CalendarController#show as HTML
Completed 500 Internal Server Error in 8ms (ActiveRecord: 0.8ms)

NoMethodError (undefined method `mday' for {:month=>5, :year=>2016}:Hash):
  app/models/calendar.rb:7:in `initialize'
  app/controllers/calendar_controller.rb:5:in `show'


  Rendered /usr/local/rvm/gems/ruby-2.3.0/gems/actionpack-4.2.5/lib/action_dispatch/middleware/templates/rescues/_source.erb (4.6ms)
  Rendered /usr/local/rvm/gems/ruby-2.3.0/gems/actionpack-4.2.5/lib/action_dispatch/middleware/templates/rescues/_trace.html.erb (2.2ms)
  Rendered /usr/local/rvm/gems/ruby-2.3.0/gems/actionpack-4.2.5/lib/action_dispatch/middleware/templates/rescues/_request_and_response.html.erb (1.2ms)
  Rendered /usr/local/rvm/gems/ruby-2.3.0/gems/actionpack-4.2.5/lib/action_dispatch/middleware/templates/rescues/diagnostics.html.erb within rescues/layout (87.7ms)


Started GET "/" for 131.216.18.30 at 2016-05-03 23:31:11 +0000
Cannot render console from 131.216.18.30! Allowed networks: 127.0.0.1, ::1, 127.0.0.0/127.255.255.255
Processing by CalendarController#show as HTML
Completed 500 Internal Server Error in 13ms (ActiveRecord: 0.6ms)

NoMethodError (undefined method `mday' for Date:Class):
  app/models/calendar.rb:7:in `initialize'
  app/controllers/calendar_controller.rb:5:in `show'


  Rendered /usr/local/rvm/gems/ruby-2.3.0/gems/actionpack-4.2.5/lib/action_dispatch/middleware/templates/rescues/_source.erb (19.6ms)
  Rendered /usr/local/rvm/gems/ruby-2.3.0/gems/actionpack-4.2.5/lib/action_dispatch/middleware/templates/rescues/_trace.html.erb (9.3ms)
  Rendered /usr/local/rvm/gems/ruby-2.3.0/gems/actionpack-4.2.5/lib/action_dispatch/middleware/templates/rescues/_request_and_response.html.erb (2.5ms)
  Rendered /usr/local/rvm/gems/ruby-2.3.0/gems/actionpack-4.2.5/lib/action_dispatch/middleware/templates/rescues/diagnostics.html.erb within rescues/layout (144.3ms)


Started GET "/" for 131.216.18.30 at 2016-05-03 23:31:42 +0000
Cannot render console from 131.216.18.30! Allowed networks: 127.0.0.1, ::1, 127.0.0.0/127.255.255.255
Processing by CalendarController#show as HTML
Completed 500 Internal Server Error in 9ms (ActiveRecord: 0.5ms)

NoMethodError (undefined method `mday' for Date:Class):
  app/models/calendar.rb:7:in `initialize'
  app/controllers/calendar_controller.rb:5:in `show'


  Rendered /usr/local/rvm/gems/ruby-2.3.0/gems/actionpack-4.2.5/lib/action_dispatch/middleware/templates/rescues/_source.erb (9.5ms)
  Rendered /usr/local/rvm/gems/ruby-2.3.0/gems/actionpack-4.2.5/lib/action_dispatch/middleware/templates/rescues/_trace.html.erb (4.0ms)
  Rendered /usr/local/rvm/gems/ruby-2.3.0/gems/actionpack-4.2.5/lib/action_dispatch/middleware/templates/rescues/_request_and_response.html.erb (1.8ms)
  Rendered /usr/local/rvm/gems/ruby-2.3.0/gems/actionpack-4.2.5/lib/action_dispatch/middleware/templates/rescues/diagnostics.html.erb within rescues/layout (122.2ms)


Started GET "/" for 131.216.18.30 at 2016-05-03 23:32:52 +0000
Cannot render console from 131.216.18.30! Allowed networks: 127.0.0.1, ::1, 127.0.0.0/127.255.255.255
Processing by CalendarController#show as HTML
Completed 500 Internal Server Error in 11ms (ActiveRecord: 0.5ms)

NoMethodError (undefined method `mday' for Date:Class):
  app/models/calendar.rb:7:in `initialize'
  app/controllers/calendar_controller.rb:5:in `show'


  Rendered /usr/local/rvm/gems/ruby-2.3.0/gems/actionpack-4.2.5/lib/action_dispatch/middleware/templates/rescues/_source.erb (52.5ms)
  Rendered /usr/local/rvm/gems/ruby-2.3.0/gems/actionpack-4.2.5/lib/action_dispatch/middleware/templates/rescues/_trace.html.erb (4.2ms)
  Rendered /usr/local/rvm/gems/ruby-2.3.0/gems/actionpack-4.2.5/lib/action_dispatch/middleware/templates/rescues/_request_and_response.html.erb (1.7ms)
  Rendered /usr/local/rvm/gems/ruby-2.3.0/gems/actionpack-4.2.5/lib/action_dispatch/middleware/templates/rescues/diagnostics.html.erb within rescues/layout (199.7ms)


Started GET "/" for 131.216.18.30 at 2016-05-03 23:34:12 +0000
Cannot render console from 131.216.18.30! Allowed networks: 127.0.0.1, ::1, 127.0.0.0/127.255.255.255
Processing by CalendarController#show as HTML
Completed 500 Internal Server Error in 21ms (ActiveRecord: 0.8ms)

NoMethodError (undefined method `mday' for Date:Class):
  app/models/calendar.rb:7:in `initialize'
  app/controllers/calendar_controller.rb:5:in `show'


  Rendered /usr/local/rvm/gems/ruby-2.3.0/gems/actionpack-4.2.5/lib/action_dispatch/middleware/templates/rescues/_source.erb (53.9ms)
  Rendered /usr/local/rvm/gems/ruby-2.3.0/gems/actionpack-4.2.5/lib/action_dispatch/middleware/templates/rescues/_trace.html.erb (4.6ms)
  Rendered /usr/local/rvm/gems/ruby-2.3.0/gems/actionpack-4.2.5/lib/action_dispatch/middleware/templates/rescues/_request_and_response.html.erb (1.8ms)
  Rendered /usr/local/rvm/gems/ruby-2.3.0/gems/actionpack-4.2.5/lib/action_dispatch/middleware/templates/rescues/diagnostics.html.erb within rescues/layout (333.1ms)


Started GET "/" for 131.216.18.30 at 2016-05-03 23:34:25 +0000
Cannot render console from 131.216.18.30! Allowed networks: 127.0.0.1, ::1, 127.0.0.0/127.255.255.255
Processing by CalendarController#show as HTML
Completed 500 Internal Server Error in 17ms (ActiveRecord: 0.9ms)

NoMethodError (undefined method `mday' for Date:Class):
  app/models/calendar.rb:7:in `initialize'
  app/controllers/calendar_controller.rb:5:in `show'


  Rendered /usr/local/rvm/gems/ruby-2.3.0/gems/actionpack-4.2.5/lib/action_dispatch/middleware/templates/rescues/_source.erb (13.7ms)
  Rendered /usr/local/rvm/gems/ruby-2.3.0/gems/actionpack-4.2.5/lib/action_dispatch/middleware/templates/rescues/_trace.html.erb (4.2ms)
  Rendered /usr/local/rvm/gems/ruby-2.3.0/gems/actionpack-4.2.5/lib/action_dispatch/middleware/templates/rescues/_request_and_response.html.erb (2.0ms)
  Rendered /usr/local/rvm/gems/ruby-2.3.0/gems/actionpack-4.2.5/lib/action_dispatch/middleware/templates/rescues/diagnostics.html.erb within rescues/layout (151.3ms)


Started GET "/" for 131.216.18.30 at 2016-05-03 23:36:52 +0000
Cannot render console from 131.216.18.30! Allowed networks: 127.0.0.1, ::1, 127.0.0.0/127.255.255.255
Processing by CalendarController#show as HTML
Completed 500 Internal Server Error in 5ms (ActiveRecord: 0.0ms)

NoMethodError (undefined method `mday' for Date:Class):
  app/models/calendar.rb:7:in `initialize'
  app/controllers/calendar_controller.rb:5:in `show'


  Rendered /usr/local/rvm/gems/ruby-2.3.0/gems/actionpack-4.2.5/lib/action_dispatch/middleware/templates/rescues/_source.erb (11.6ms)
  Rendered /usr/local/rvm/gems/ruby-2.3.0/gems/actionpack-4.2.5/lib/action_dispatch/middleware/templates/rescues/_trace.html.erb (3.0ms)
  Rendered /usr/local/rvm/gems/ruby-2.3.0/gems/actionpack-4.2.5/lib/action_dispatch/middleware/templates/rescues/_request_and_response.html.erb (1.3ms)
  Rendered /usr/local/rvm/gems/ruby-2.3.0/gems/actionpack-4.2.5/lib/action_dispatch/middleware/templates/rescues/diagnostics.html.erb within rescues/layout (114.6ms)


Started GET "/" for 131.216.18.30 at 2016-05-03 23:40:59 +0000
Cannot render console from 131.216.18.30! Allowed networks: 127.0.0.1, ::1, 127.0.0.0/127.255.255.255
Processing by CalendarController#show as HTML
Completed 500 Internal Server Error in 9ms (ActiveRecord: 0.7ms)

NoMethodError (undefined method `mday' for {:month=>5, :year=>2016}:Hash):
  app/models/calendar.rb:7:in `initialize'
  app/controllers/calendar_controller.rb:5:in `show'


  Rendered /usr/local/rvm/gems/ruby-2.3.0/gems/actionpack-4.2.5/lib/action_dispatch/middleware/templates/rescues/_source.erb (9.7ms)
  Rendered /usr/local/rvm/gems/ruby-2.3.0/gems/actionpack-4.2.5/lib/action_dispatch/middleware/templates/rescues/_trace.html.erb (12.3ms)
  Rendered /usr/local/rvm/gems/ruby-2.3.0/gems/actionpack-4.2.5/lib/action_dispatch/middleware/templates/rescues/_request_and_response.html.erb (1.8ms)
  Rendered /usr/local/rvm/gems/ruby-2.3.0/gems/actionpack-4.2.5/lib/action_dispatch/middleware/templates/rescues/diagnostics.html.erb within rescues/layout (120.6ms)


Started GET "/" for 131.216.18.30 at 2016-05-03 23:44:30 +0000
Cannot render console from 131.216.18.30! Allowed networks: 127.0.0.1, ::1, 127.0.0.0/127.255.255.255
Processing by CalendarController#show as HTML
Completed 500 Internal Server Error in 10ms (ActiveRecord: 0.8ms)

NoMethodError (undefined method `today' for {:month=>5, :year=>2016}:Hash):
  app/models/calendar.rb:7:in `initialize'
  app/controllers/calendar_controller.rb:5:in `show'


  Rendered /usr/local/rvm/gems/ruby-2.3.0/gems/actionpack-4.2.5/lib/action_dispatch/middleware/templates/rescues/_source.erb (14.5ms)
  Rendered /usr/local/rvm/gems/ruby-2.3.0/gems/actionpack-4.2.5/lib/action_dispatch/middleware/templates/rescues/_trace.html.erb (6.2ms)
  Rendered /usr/local/rvm/gems/ruby-2.3.0/gems/actionpack-4.2.5/lib/action_dispatch/middleware/templates/rescues/_request_and_response.html.erb (8.1ms)
  Rendered /usr/local/rvm/gems/ruby-2.3.0/gems/actionpack-4.2.5/lib/action_dispatch/middleware/templates/rescues/diagnostics.html.erb within rescues/layout (144.5ms)


Started GET "/" for 131.216.18.30 at 2016-05-03 23:44:49 +0000
Cannot render console from 131.216.18.30! Allowed networks: 127.0.0.1, ::1, 127.0.0.0/127.255.255.255
Processing by CalendarController#show as HTML
Completed 500 Internal Server Error in 110ms (ActiveRecord: 0.8ms)

NoMethodError (undefined method `-' for {:month=>5, :year=>2016}:Hash):
  app/models/calendar.rb:7:in `initialize'
  app/controllers/calendar_controller.rb:5:in `show'


  Rendered /usr/local/rvm/gems/ruby-2.3.0/gems/actionpack-4.2.5/lib/action_dispatch/middleware/templates/rescues/_source.erb (11.9ms)
  Rendered /usr/local/rvm/gems/ruby-2.3.0/gems/actionpack-4.2.5/lib/action_dispatch/middleware/templates/rescues/_trace.html.erb (2.5ms)
  Rendered /usr/local/rvm/gems/ruby-2.3.0/gems/actionpack-4.2.5/lib/action_dispatch/middleware/templates/rescues/_request_and_response.html.erb (1.3ms)
  Rendered /usr/local/rvm/gems/ruby-2.3.0/gems/actionpack-4.2.5/lib/action_dispatch/middleware/templates/rescues/diagnostics.html.erb within rescues/layout (100.9ms)


Started GET "/" for 131.216.18.30 at 2016-05-03 23:47:33 +0000
Cannot render console from 131.216.18.30! Allowed networks: 127.0.0.1, ::1, 127.0.0.0/127.255.255.255
Processing by CalendarController#show as HTML
Completed 500 Internal Server Error in 10ms (ActiveRecord: 0.8ms)

NoMethodError (undefined method `wday' for {:month=>5, :year=>2016}:Hash):
  app/models/calendar.rb:7:in `initialize'
  app/controllers/calendar_controller.rb:5:in `show'


  Rendered /usr/local/rvm/gems/ruby-2.3.0/gems/actionpack-4.2.5/lib/action_dispatch/middleware/templates/rescues/_source.erb (10.0ms)
  Rendered /usr/local/rvm/gems/ruby-2.3.0/gems/actionpack-4.2.5/lib/action_dispatch/middleware/templates/rescues/_trace.html.erb (3.4ms)
  Rendered /usr/local/rvm/gems/ruby-2.3.0/gems/actionpack-4.2.5/lib/action_dispatch/middleware/templates/rescues/_request_and_response.html.erb (1.3ms)
  Rendered /usr/local/rvm/gems/ruby-2.3.0/gems/actionpack-4.2.5/lib/action_dispatch/middleware/templates/rescues/diagnostics.html.erb within rescues/layout (120.8ms)


Started GET "/" for 131.216.18.30 at 2016-05-03 23:56:48 +0000
Cannot render console from 131.216.18.30! Allowed networks: 127.0.0.1, ::1, 127.0.0.0/127.255.255.255
  [1m[36mActiveRecord::SchemaMigration Load (0.3ms)[0m  [1mSELECT "schema_migrations".* FROM "schema_migrations"[0m
Processing by CalendarController#show as HTML
Completed 500 Internal Server Error in 48ms (ActiveRecord: 0.3ms)

NoMethodError (undefined method `-' for {:month=>5, :year=>2016}:Hash):
  app/models/calendar.rb:7:in `initialize'
  app/controllers/calendar_controller.rb:5:in `show'


  Rendered /usr/local/rvm/gems/ruby-2.3.0/gems/actionpack-4.2.5/lib/action_dispatch/middleware/templates/rescues/_source.erb (9.7ms)
  Rendered /usr/local/rvm/gems/ruby-2.3.0/gems/actionpack-4.2.5/lib/action_dispatch/middleware/templates/rescues/_trace.html.erb (2.1ms)
  Rendered /usr/local/rvm/gems/ruby-2.3.0/gems/actionpack-4.2.5/lib/action_dispatch/middleware/templates/rescues/_request_and_response.html.erb (1.7ms)
  Rendered /usr/local/rvm/gems/ruby-2.3.0/gems/actionpack-4.2.5/lib/action_dispatch/middleware/templates/rescues/diagnostics.html.erb within rescues/layout (110.9ms)


Started GET "/" for 131.216.18.30 at 2016-05-03 23:59:00 +0000
Cannot render console from 131.216.18.30! Allowed networks: 127.0.0.1, ::1, 127.0.0.0/127.255.255.255
Processing by CalendarController#show as HTML
Completed 500 Internal Server Error in 13ms (ActiveRecord: 0.0ms)

NameError (undefined local variable or method `date' for #<CalendarController:0x00000004f8b548>):
  app/controllers/calendar_controller.rb:5:in `show'


  Rendered /usr/local/rvm/gems/ruby-2.3.0/gems/actionpack-4.2.5/lib/action_dispatch/middleware/templates/rescues/_source.erb (5.1ms)
  Rendered /usr/local/rvm/gems/ruby-2.3.0/gems/actionpack-4.2.5/lib/action_dispatch/middleware/templates/rescues/_trace.html.erb (2.5ms)
  Rendered /usr/local/rvm/gems/ruby-2.3.0/gems/actionpack-4.2.5/lib/action_dispatch/middleware/templates/rescues/_request_and_response.html.erb (1.0ms)
  Rendered /usr/local/rvm/gems/ruby-2.3.0/gems/actionpack-4.2.5/lib/action_dispatch/middleware/templates/rescues/diagnostics.html.erb within rescues/layout (101.7ms)


Started GET "/" for 131.216.18.30 at 2016-05-04 00:20:17 +0000
Cannot render console from 131.216.18.30! Allowed networks: 127.0.0.1, ::1, 127.0.0.0/127.255.255.255
Processing by CalendarController#show as HTML
Completed 500 Internal Server Error in 12ms (ActiveRecord: 0.5ms)

NoMethodError (undefined method `mday' for {:month=>5, :year=>2016}:Hash):
  app/models/calendar.rb:7:in `initialize'
  app/controllers/calendar_controller.rb:5:in `show'


  Rendered /usr/local/rvm/gems/ruby-2.3.0/gems/actionpack-4.2.5/lib/action_dispatch/middleware/templates/rescues/_source.erb (13.1ms)
  Rendered /usr/local/rvm/gems/ruby-2.3.0/gems/actionpack-4.2.5/lib/action_dispatch/middleware/templates/rescues/_trace.html.erb (14.0ms)
  Rendered /usr/local/rvm/gems/ruby-2.3.0/gems/actionpack-4.2.5/lib/action_dispatch/middleware/templates/rescues/_request_and_response.html.erb (1.9ms)
  Rendered /usr/local/rvm/gems/ruby-2.3.0/gems/actionpack-4.2.5/lib/action_dispatch/middleware/templates/rescues/diagnostics.html.erb within rescues/layout (164.2ms)


Started GET "/" for 131.216.18.30 at 2016-05-04 00:21:41 +0000
Cannot render console from 131.216.18.30! Allowed networks: 127.0.0.1, ::1, 127.0.0.0/127.255.255.255
Processing by CalendarController#show as HTML
Completed 500 Internal Server Error in 18ms (ActiveRecord: 0.0ms)

NameError (undefined local variable or method `date' for #<CalendarController:0x000000035b0dd0>):
  app/controllers/calendar_controller.rb:5:in `show'


  Rendered /usr/local/rvm/gems/ruby-2.3.0/gems/actionpack-4.2.5/lib/action_dispatch/middleware/templates/rescues/_source.erb (17.6ms)
  Rendered /usr/local/rvm/gems/ruby-2.3.0/gems/actionpack-4.2.5/lib/action_dispatch/middleware/templates/rescues/_trace.html.erb (2.4ms)
  Rendered /usr/local/rvm/gems/ruby-2.3.0/gems/actionpack-4.2.5/lib/action_dispatch/middleware/templates/rescues/_request_and_response.html.erb (1.3ms)
  Rendered /usr/local/rvm/gems/ruby-2.3.0/gems/actionpack-4.2.5/lib/action_dispatch/middleware/templates/rescues/diagnostics.html.erb within rescues/layout (126.5ms)


Started GET "/" for 131.216.18.30 at 2016-05-04 00:25:55 +0000
Cannot render console from 131.216.18.30! Allowed networks: 127.0.0.1, ::1, 127.0.0.0/127.255.255.255
Processing by CalendarController#show as HTML
Completed 500 Internal Server Error in 11ms (ActiveRecord: 0.0ms)

NameError (undefined local variable or method `date' for #<CalendarController:0x000000049bf768>):
  app/controllers/calendar_controller.rb:5:in `show'


  Rendered /usr/local/rvm/gems/ruby-2.3.0/gems/actionpack-4.2.5/lib/action_dispatch/middleware/templates/rescues/_source.erb (6.4ms)
  Rendered /usr/local/rvm/gems/ruby-2.3.0/gems/actionpack-4.2.5/lib/action_dispatch/middleware/templates/rescues/_trace.html.erb (6.7ms)
  Rendered /usr/local/rvm/gems/ruby-2.3.0/gems/actionpack-4.2.5/lib/action_dispatch/middleware/templates/rescues/_request_and_response.html.erb (1.4ms)
  Rendered /usr/local/rvm/gems/ruby-2.3.0/gems/actionpack-4.2.5/lib/action_dispatch/middleware/templates/rescues/diagnostics.html.erb within rescues/layout (99.3ms)


Started GET "/" for 131.216.18.30 at 2016-05-04 00:28:19 +0000
Cannot render console from 131.216.18.30! Allowed networks: 127.0.0.1, ::1, 127.0.0.0/127.255.255.255
Processing by CalendarController#show as HTML
Completed 500 Internal Server Error in 10ms (ActiveRecord: 0.6ms)

NoMethodError (undefined method `mday' for {:month=>5, :year=>2016}:Hash):
  app/models/calendar.rb:7:in `initialize'
  app/controllers/calendar_controller.rb:7:in `show'


  Rendered /usr/local/rvm/gems/ruby-2.3.0/gems/actionpack-4.2.5/lib/action_dispatch/middleware/templates/rescues/_source.erb (13.0ms)
  Rendered /usr/local/rvm/gems/ruby-2.3.0/gems/actionpack-4.2.5/lib/action_dispatch/middleware/templates/rescues/_trace.html.erb (13.4ms)
  Rendered /usr/local/rvm/gems/ruby-2.3.0/gems/actionpack-4.2.5/lib/action_dispatch/middleware/templates/rescues/_request_and_response.html.erb (1.2ms)
  Rendered /usr/local/rvm/gems/ruby-2.3.0/gems/actionpack-4.2.5/lib/action_dispatch/middleware/templates/rescues/diagnostics.html.erb within rescues/layout (115.5ms)


Started GET "/" for 131.216.18.30 at 2016-05-04 00:29:27 +0000
Cannot render console from 131.216.18.30! Allowed networks: 127.0.0.1, ::1, 127.0.0.0/127.255.255.255
Processing by CalendarController#show as HTML
Completed 500 Internal Server Error in 74ms (ActiveRecord: 0.0ms)

NameError (undefined local variable or method `date' for #<CalendarController:0x0000000517d9c8>):
  app/controllers/calendar_controller.rb:5:in `show'


  Rendered /usr/local/rvm/gems/ruby-2.3.0/gems/actionpack-4.2.5/lib/action_dispatch/middleware/templates/rescues/_source.erb (7.8ms)
  Rendered /usr/local/rvm/gems/ruby-2.3.0/gems/actionpack-4.2.5/lib/action_dispatch/middleware/templates/rescues/_trace.html.erb (3.6ms)
  Rendered /usr/local/rvm/gems/ruby-2.3.0/gems/actionpack-4.2.5/lib/action_dispatch/middleware/templates/rescues/_request_and_response.html.erb (1.6ms)
  Rendered /usr/local/rvm/gems/ruby-2.3.0/gems/actionpack-4.2.5/lib/action_dispatch/middleware/templates/rescues/diagnostics.html.erb within rescues/layout (128.6ms)


Started GET "/" for 131.216.18.30 at 2016-05-04 00:30:23 +0000
Cannot render console from 131.216.18.30! Allowed networks: 127.0.0.1, ::1, 127.0.0.0/127.255.255.255
Processing by CalendarController#show as HTML
Completed 500 Internal Server Error in 14ms (ActiveRecord: 0.7ms)

NoMethodError (undefined method `mday' for {:month=>5, :year=>2016}:Hash):
  app/models/calendar.rb:7:in `initialize'
  app/controllers/calendar_controller.rb:6:in `show'


  Rendered /usr/local/rvm/gems/ruby-2.3.0/gems/actionpack-4.2.5/lib/action_dispatch/middleware/templates/rescues/_source.erb (10.9ms)
  Rendered /usr/local/rvm/gems/ruby-2.3.0/gems/actionpack-4.2.5/lib/action_dispatch/middleware/templates/rescues/_trace.html.erb (4.2ms)
  Rendered /usr/local/rvm/gems/ruby-2.3.0/gems/actionpack-4.2.5/lib/action_dispatch/middleware/templates/rescues/_request_and_response.html.erb (2.3ms)
  Rendered /usr/local/rvm/gems/ruby-2.3.0/gems/actionpack-4.2.5/lib/action_dispatch/middleware/templates/rescues/diagnostics.html.erb within rescues/layout (169.3ms)


Started GET "/" for 131.216.18.30 at 2016-05-04 00:30:44 +0000
Cannot render console from 131.216.18.30! Allowed networks: 127.0.0.1, ::1, 127.0.0.0/127.255.255.255
Processing by CalendarController#show as HTML
Completed 500 Internal Server Error in 11ms (ActiveRecord: 0.7ms)

NoMethodError (undefined method `mday' for Date:Class):
  app/models/calendar.rb:7:in `initialize'
  app/controllers/calendar_controller.rb:6:in `show'


  Rendered /usr/local/rvm/gems/ruby-2.3.0/gems/actionpack-4.2.5/lib/action_dispatch/middleware/templates/rescues/_source.erb (15.4ms)
  Rendered /usr/local/rvm/gems/ruby-2.3.0/gems/actionpack-4.2.5/lib/action_dispatch/middleware/templates/rescues/_trace.html.erb (12.9ms)
  Rendered /usr/local/rvm/gems/ruby-2.3.0/gems/actionpack-4.2.5/lib/action_dispatch/middleware/templates/rescues/_request_and_response.html.erb (2.0ms)
  Rendered /usr/local/rvm/gems/ruby-2.3.0/gems/actionpack-4.2.5/lib/action_dispatch/middleware/templates/rescues/diagnostics.html.erb within rescues/layout (123.9ms)
